<?xml version="1.0" encoding="UTF-8"?><testrun name="TestBuilder" project="TeaTesting" tests="6" started="6" failures="2" errors="0" ignored="0">
  <testsuite name="pomcumber.TestBuilder" time="26.237">
    <testsuite name="Feature: Shopping on a website" time="26.237">
      <testsuite name="Scenario: Browse the items available on the website" time="0.341" incomplete="true">
        <failure>java.lang.AssertionError: expected:&lt;false&gt; but was:&lt;true&gt;&#13;
	at org.junit.Assert.fail(Assert.java:88)&#13;
	at org.junit.Assert.failNotEquals(Assert.java:834)&#13;
	at org.junit.Assert.assertEquals(Assert.java:118)&#13;
	at org.junit.Assert.assertEquals(Assert.java:144)&#13;
	at pomcumber.TestingClass.i_can_browse_a_list_of_the_available_products(TestingClass.java:54)&#13;
	at ✽.Then I can browse a list of the available products.(TeaTesting.feature:9)&#13;
&#13;
</failure>
        <testcase name="Given the correct web address" classname="Scenario: Browse the items available on the website" time="0.286"/>
        <testcase name="When I navigate to the 'Menu' page" classname="Scenario: Browse the items available on the website" time="0.053"/>
        <testcase name="Then I can browse a list of the available products." classname="Scenario: Browse the items available on the website" time="0.002">
          <failure>java.lang.AssertionError: expected:&lt;false&gt; but was:&lt;true&gt;&#13;
	at org.junit.Assert.fail(Assert.java:88)&#13;
	at org.junit.Assert.failNotEquals(Assert.java:834)&#13;
	at org.junit.Assert.assertEquals(Assert.java:118)&#13;
	at org.junit.Assert.assertEquals(Assert.java:144)&#13;
	at pomcumber.TestingClass.i_can_browse_a_list_of_the_available_products(TestingClass.java:54)&#13;
	at ✽.Then I can browse a list of the available products.(TeaTesting.feature:9)&#13;
&#13;
</failure>
        </testcase>
      </testsuite>
      <testsuite name="Scenario: Add an item to the checkout" time="10.439">
        <testcase name="Given the correct web address" classname="Scenario: Add an item to the checkout" time="10.41"/>
        <testcase name="When I click the checkout button" classname="Scenario: Add an item to the checkout" time="0.02"/>
        <testcase name="Then I am taken to the checkout page" classname="Scenario: Add an item to the checkout" time="0.009"/>
      </testsuite>
    </testsuite>
  </testsuite>
</testrun>
