<?xml version="1.0" encoding="UTF-8"?><testrun name="TestBuilder" project="TeaTesting" tests="6" started="6" failures="0" errors="2" ignored="1">
  <testsuite name="pomcumber.TestBuilder" time="26.324">
    <testsuite name="Feature: Shopping on a website" time="26.324">
      <testsuite name="Scenario: Browse the items available on the website" time="10.446">
        <testcase name="Given the correct web address" classname="Scenario: Browse the items available on the website" time="10.377"/>
        <testcase name="When I navigate to the 'Menu' page" classname="Scenario: Browse the items available on the website" time="0.069"/>
        <testcase name="Then I can browse a list of the available products." classname="Scenario: Browse the items available on the website" time="0.0"/>
      </testsuite>
      <testsuite name="Scenario: Add an item to the checkout" time="0.011" incomplete="true">
        <error>java.lang.Error: Unresolved compilation problems: 
	The method findElement(By) in the type WebElement is not applicable for the arguments (Class&lt;By&gt;)
	Syntax error on token ".", class expected after this token
&#13;
	at pomcumber.TestingClass.i_click_the_checkout_button(TestingClass.java:62)&#13;
	at ✽.When I click the checkout button(TeaTesting.feature:13)&#13;
&#13;
</error>
        <testcase name="Given the correct web address" classname="Scenario: Add an item to the checkout" time="0.003"/>
        <testcase name="When I click the checkout button" classname="Scenario: Add an item to the checkout" time="0.008">
          <error>java.lang.Error: Unresolved compilation problems: 
	The method findElement(By) in the type WebElement is not applicable for the arguments (Class&lt;By&gt;)
	Syntax error on token ".", class expected after this token
&#13;
	at pomcumber.TestingClass.i_click_the_checkout_button(TestingClass.java:62)&#13;
	at ✽.When I click the checkout button(TeaTesting.feature:13)&#13;
&#13;
</error>
        </testcase>
        <testcase name="Then I am taken to the checkout page" classname="Scenario: Add an item to the checkout" time="0.007" ignored="true"/>
      </testsuite>
    </testsuite>
  </testsuite>
</testrun>
